<?xml version="1.0" encoding="UTF-8"?>
<!-- Generated by org.testng.reporters.JUnitReportReporter -->
<testsuite hostname="yeyunyan-PC" name="DriverTest" tests="1" failures="0" timestamp="2 Jul 2014 06:14:35 GMT" time="0.010" errors="0">
  <testcase name="test" time="0.010" classname="DriverTest"/>
</testsuite> <!-- DriverTest -->
