<?xml version="1.0" encoding="UTF-8"?>
<!-- Generated by org.testng.reporters.JUnitReportReporter -->
<testsuite hostname="whg-PC" name="browser.BrowserTest" tests="1" failures="0" timestamp="2 Aug 2014 16:26:03 GMT" time="38.043" errors="0">
  <testcase name="start126" time="38.043" classname="browser.BrowserTest"/>
</testsuite> <!-- browser.BrowserTest -->
